Using pre-set license
Built from '2020.3/staging' branch; Version is '2020.3.18f1 (a7d1c678663c) revision 10998214'; Using compiler version '192528614'; Build Type 'Release'
OS: 'Windows 10 Home; OS build 19042.1288; Version 2009; 64bit' Language: 'ko' Physical Memory: 8106 MB
BatchMode: 1, IsHumanControllingUs: 0, StartBugReporterOnCrash: 0, Is64bit: 1, IsPro: 0

COMMAND LINE ARGUMENTS:
C:\Program Files\Unity\Hub\Editor\2020.3.18f1\Editor\Unity.exe
-adb2
-batchMode
-noUpm
-name
AssetImportWorker2
-projectPath
C:/Users/leejungbin/Desktop/Survival/Survival/Survival
-logFile
Logs/AssetImportWorker2.log
-srvPort
60035
Successfully changed project path to: C:/Users/leejungbin/Desktop/Survival/Survival/Survival
C:/Users/leejungbin/Desktop/Survival/Survival/Survival
Using Asset Import Pipeline V2.
Refreshing native plugins compatible for Editor in 101.66 ms, found 3 plugins.
Preloading 0 native plugins for Editor in 0.00 ms.
Initialize engine version: 2020.3.18f1 (a7d1c678663c)
[Subsystems] Discovering subsystems at path C:/Program Files/Unity/Hub/Editor/2020.3.18f1/Editor/Data/Resources/UnitySubsystems
[Subsystems] Discovering subsystems at path C:/Users/leejungbin/Desktop/Survival/Survival/Survival/Assets
GfxDevice: creating device client; threaded=0
Direct3D:
    Version:  Direct3D 11.0 [level 11.1]
    Renderer: NVIDIA GeForce GTX 1050 Ti (ID=0x1c8c)
    Vendor:   
    VRAM:     4018 MB
    Driver:   24.21.13.9907
Initialize mono
Mono path[0] = 'C:/Program Files/Unity/Hub/Editor/2020.3.18f1/Editor/Data/Managed'
Mono path[1] = 'C:/Program Files/Unity/Hub/Editor/2020.3.18f1/Editor/Data/MonoBleedingEdge/lib/mono/unityjit'
Mono config path = 'C:/Program Files/Unity/Hub/Editor/2020.3.18f1/Editor/Data/MonoBleedingEdge/etc'
Using monoOptions --debugger-agent=transport=dt_socket,embedding=1,server=y,suspend=n,address=127.0.0.1:56500
Begin MonoManager ReloadAssembly
Registering precompiled unity dll's ...
Register platform support module: C:/Program Files/Unity/Hub/Editor/2020.3.18f1/Editor/Data/PlaybackEngines/WindowsStandaloneSupport/UnityEditor.WindowsStandalone.Extensions.dll
Registered in 0.008113 seconds.
Native extension for WindowsStandalone target not found
Refreshing native plugins compatible for Editor in 74.12 ms, found 3 plugins.
Preloading 0 native plugins for Editor in 0.00 ms.
Mono: successfully reloaded assembly
- Completed reload, in  6.727 seconds
Domain Reload Profiling:
	ReloadAssembly (6728ms)
		BeginReloadAssembly (545ms)
			ExecutionOrderSort (0ms)
			DisableScriptedObjects (0ms)
			BackupInstance (0ms)
			ReleaseScriptingObjects (0ms)
			CreateAndSetChildDomain (1ms)
		EndReloadAssembly (839ms)
			LoadAssemblies (537ms)
			RebuildTransferFunctionScriptingTraits (0ms)
			SetupTypeCache (258ms)
			ReleaseScriptCaches (0ms)
			RebuildScriptCaches (56ms)
			SetupLoadedEditorAssemblies (287ms)
				LogAssemblyErrors (0ms)
				InitializePlatformSupportModulesInManaged (7ms)
				SetLoadedEditorAssemblies (0ms)
				RefreshPlugins (75ms)
				BeforeProcessingInitializeOnLoad (28ms)
				ProcessInitializeOnLoadAttributes (131ms)
				ProcessInitializeOnLoadMethodAttributes (47ms)
				AfterProcessingInitializeOnLoad (0ms)
				EditorAssembliesLoaded (0ms)
			ExecutionOrderSort2 (0ms)
			AwakeInstancesAfterBackupRestoration (0ms)
Platform modules already initialized, skipping
Registering precompiled user dll's ...
Registered in 0.015786 seconds.
Begin MonoManager ReloadAssembly
Native extension for WindowsStandalone target not found
Refreshing native plugins compatible for Editor in 62.53 ms, found 3 plugins.
Preloading 0 native plugins for Editor in 0.00 ms.
Mono: successfully reloaded assembly
- Completed reload, in  2.278 seconds
Domain Reload Profiling:
	ReloadAssembly (2281ms)
		BeginReloadAssembly (322ms)
			ExecutionOrderSort (0ms)
			DisableScriptedObjects (9ms)
			BackupInstance (0ms)
			ReleaseScriptingObjects (0ms)
			CreateAndSetChildDomain (30ms)
		EndReloadAssembly (1800ms)
			LoadAssemblies (374ms)
			RebuildTransferFunctionScriptingTraits (0ms)
			SetupTypeCache (516ms)
			ReleaseScriptCaches (0ms)
			RebuildScriptCaches (86ms)
			SetupLoadedEditorAssemblies (634ms)
				LogAssemblyErrors (0ms)
				InitializePlatformSupportModulesInManaged (6ms)
				SetLoadedEditorAssemblies (0ms)
				RefreshPlugins (63ms)
				BeforeProcessingInitializeOnLoad (154ms)
				ProcessInitializeOnLoadAttributes (359ms)
				ProcessInitializeOnLoadMethodAttributes (20ms)
				AfterProcessingInitializeOnLoad (31ms)
				EditorAssembliesLoaded (0ms)
			ExecutionOrderSort2 (0ms)
			AwakeInstancesAfterBackupRestoration (11ms)
Platform modules already initialized, skipping
========================================================================
Worker process is ready to serve import requests
Launched and connected shader compiler UnityShaderCompiler.exe after 0.15 seconds
Refreshing native plugins compatible for Editor in 0.74 ms, found 3 plugins.
Preloading 0 native plugins for Editor in 0.00 ms.
Unloading 2103 Unused Serialized files (Serialized files now loaded: 0)
System memory in use before: 96.0 MB.
System memory in use after: 96.1 MB.

Unloading 26 unused Assets to reduce memory usage. Loaded Objects now: 2542.
Total: 6.428800 ms (FindLiveObjects: 0.335300 ms CreateObjectMapping: 0.124800 ms MarkObjects: 5.812500 ms  DeleteObjects: 0.154400 ms)

AssetImportParameters requested are different than current active one (requested -> active):
  custom:framework-win-MediaFoundation: 216162199b28c13a410421893ffa2e32 -> 
  custom:video-decoder-ogg-theora: a1e56fd34408186e4bbccfd4996cb3dc -> 
  custom:container-muxer-webm: aa71ff27fc2769a1b78a27578f13a17b -> 
  custom:container-demuxer-webm: 4f35f7cbe854078d1ac9338744f61a02 -> 
  custom:container-demuxer-ogg: 62fdf1f143b41e24485cea50d1cbac27 -> 
  custom:video-encoder-webm-vp8: eb34c28f22e8b96e1ab97ce403110664 -> 
  custom:video-codec-MediaFoundation-h265: 746d11721c4dcdbdad8f713fa42b33f4 -> 
  custom:video-decoder-webm-vp8: 9c59270c3fd7afecdb556c50c9e8de78 -> 
  custom:audio-decoder-ogg-vorbis: bf7c407c2cedff20999df2af8eb42d56 -> 
  custom:audio-encoder-webm-vorbis: bf7c407c2cedff20999df2af8eb42d56 -> 
========================================================================
Received Import Request.
  path: Assets/Scripts/Room/스테이터스/StatusManager.cs
  artifactKey: Guid(c3900fbeeff61cc40b27982e63012c6d) Importer(815301076,1909f56bfc062723c751e8b465ee728b)
Start importing Assets/Scripts/Room/스테이터스/StatusManager.cs using Guid(c3900fbeeff61cc40b27982e63012c6d) Importer(815301076,1909f56bfc062723c751e8b465ee728b)  -> (artifact id: '3f52547a52b7805dc28a605ab39eb23d') in 0.943197 seconds 
  Import took 0.951742 seconds .

========================================================================
Received Import Request.
  Time since last request: 84.758702 seconds.
  path: Assets/Scripts/Room/스테이터스/StatusManager.cs
  artifactKey: Guid(c3900fbeeff61cc40b27982e63012c6d) Importer(815301076,1909f56bfc062723c751e8b465ee728b)
Start importing Assets/Scripts/Room/스테이터스/StatusManager.cs using Guid(c3900fbeeff61cc40b27982e63012c6d) Importer(815301076,1909f56bfc062723c751e8b465ee728b)  -> (artifact id: '23e02ce2b0439999fe9ff3027b86896a') in 0.701224 seconds 
  Import took 1.170081 seconds .

========================================================================
Received Import Request.
  Time since last request: 0.001481 seconds.
  path: Assets/Scripts/Room/스테이터스/StatusManager.cs
  artifactKey: Guid(c3900fbeeff61cc40b27982e63012c6d) Importer(815301076,1909f56bfc062723c751e8b465ee728b)
Start importing Assets/Scripts/Room/스테이터스/StatusManager.cs using Guid(c3900fbeeff61cc40b27982e63012c6d) Importer(815301076,1909f56bfc062723c751e8b465ee728b)  -> (artifact id: '23e02ce2b0439999fe9ff3027b86896a') in 0.082510 seconds 
  Import took 0.129836 seconds .

========================================================================
Received Import Request.
  Time since last request: 7.808089 seconds.
  path: Assets/Scripts/Room/스테이터스/StatusManager.cs
  artifactKey: Guid(c3900fbeeff61cc40b27982e63012c6d) Importer(815301076,1909f56bfc062723c751e8b465ee728b)
Start importing Assets/Scripts/Room/스테이터스/StatusManager.cs using Guid(c3900fbeeff61cc40b27982e63012c6d) Importer(815301076,1909f56bfc062723c751e8b465ee728b)  -> (artifact id: 'f036c4cbaa3c3d0ca84bff1a8ebf1f4f') in 0.088957 seconds 
  Import took 0.216662 seconds .

========================================================================
Received Import Request.
  Time since last request: 195.500082 seconds.
  path: Assets/Scripts/Room/스테이터스/StatusManager.cs
  artifactKey: Guid(c3900fbeeff61cc40b27982e63012c6d) Importer(815301076,1909f56bfc062723c751e8b465ee728b)
Start importing Assets/Scripts/Room/스테이터스/StatusManager.cs using Guid(c3900fbeeff61cc40b27982e63012c6d) Importer(815301076,1909f56bfc062723c751e8b465ee728b)  -> (artifact id: '483f816a7ae53fe60a7d9f444883420e') in 0.016623 seconds 
  Import took 0.025744 seconds .

========================================================================
Received Import Request.
  Time since last request: 6.702427 seconds.
  path: Assets/Scripts/Room/스테이터스/StatusManager.cs
  artifactKey: Guid(c3900fbeeff61cc40b27982e63012c6d) Importer(815301076,1909f56bfc062723c751e8b465ee728b)
Start importing Assets/Scripts/Room/스테이터스/StatusManager.cs using Guid(c3900fbeeff61cc40b27982e63012c6d) Importer(815301076,1909f56bfc062723c751e8b465ee728b)  -> (artifact id: 'e0523ed0cfcb4c414fd0a7e4fe9e3147') in 2.883931 seconds 
  Import took 3.088984 seconds .

========================================================================
Received Import Request.
  Time since last request: 27.159383 seconds.
  path: Assets/Scripts/Room/스테이터스/StatusManager.cs
  artifactKey: Guid(c3900fbeeff61cc40b27982e63012c6d) Importer(815301076,1909f56bfc062723c751e8b465ee728b)
Start importing Assets/Scripts/Room/스테이터스/StatusManager.cs using Guid(c3900fbeeff61cc40b27982e63012c6d) Importer(815301076,1909f56bfc062723c751e8b465ee728b)  -> (artifact id: 'e43d6a5053261fd279f9fb980686b544') in 0.073499 seconds 
  Import took 1.125800 seconds .

========================================================================
Received Prepare
Registering precompiled user dll's ...
Registered in 0.173725 seconds.
Begin MonoManager ReloadAssembly
Native extension for WindowsStandalone target not found
Refreshing native plugins compatible for Editor in 1.05 ms, found 3 plugins.
Preloading 0 native plugins for Editor in 0.00 ms.
Mono: successfully reloaded assembly
- Completed reload, in 885.897 seconds
Domain Reload Profiling:
	ReloadAssembly (885906ms)
		BeginReloadAssembly (503ms)
			ExecutionOrderSort (0ms)
			DisableScriptedObjects (49ms)
			BackupInstance (0ms)
			ReleaseScriptingObjects (0ms)
			CreateAndSetChildDomain (124ms)
		EndReloadAssembly (885042ms)
			LoadAssemblies (512ms)
			RebuildTransferFunctionScriptingTraits (0ms)
			SetupTypeCache (268114ms)
			ReleaseScriptCaches (8ms)
			RebuildScriptCaches (9652ms)
			SetupLoadedEditorAssemblies (461937ms)
				LogAssemblyErrors (0ms)
				InitializePlatformSupportModulesInManaged (31ms)
				SetLoadedEditorAssemblies (1ms)
				RefreshPlugins (16ms)
				BeforeProcessingInitializeOnLoad (135331ms)
				ProcessInitializeOnLoadAttributes (257819ms)
				ProcessInitializeOnLoadMethodAttributes (2483ms)
				AfterProcessingInitializeOnLoad (53210ms)
				EditorAssembliesLoaded (13047ms)
			ExecutionOrderSort2 (0ms)
			AwakeInstancesAfterBackupRestoration (23ms)
Platform modules already initialized, skipping
Switching build target platform(19) subTarget(0) extendedPlatform(0) -> platform(13) subTarget(537395200) extendedPlatform(0)
Refreshing native plugins compatible for Editor in 1195.80 ms, found 3 plugins.
Preloading 0 native plugins for Editor in 0.00 ms.
Unloading 2096 Unused Serialized files (Serialized files now loaded: 0)
System memory in use before: 95.5 MB.
System memory in use after: 95.6 MB.

Unloading 14 unused Assets to reduce memory usage. Loaded Objects now: 2545.
Total: 8216.818300 ms (FindLiveObjects: 1536.152100 ms CreateObjectMapping: 150.805400 ms MarkObjects: 6480.630600 ms  DeleteObjects: 49.218800 ms)

AssetImportParameters requested are different than current active one (requested -> active):
  custom:framework-win-MediaFoundation: 216162199b28c13a410421893ffa2e32 -> 
  custom:video-decoder-ogg-theora: a1e56fd34408186e4bbccfd4996cb3dc -> 
  custom:container-muxer-webm: aa71ff27fc2769a1b78a27578f13a17b -> 
  custom:container-demuxer-webm: 4f35f7cbe854078d1ac9338744f61a02 -> 
  custom:container-demuxer-ogg: 62fdf1f143b41e24485cea50d1cbac27 -> 
  custom:video-encoder-webm-vp8: eb34c28f22e8b96e1ab97ce403110664 -> 
  custom:video-codec-MediaFoundation-h265: 746d11721c4dcdbdad8f713fa42b33f4 -> 
  custom:video-decoder-webm-vp8: 9c59270c3fd7afecdb556c50c9e8de78 -> 
  custom:graphics/normal-map-encoding: 01000000000000000000000000000000 -> 02000000000000000000000000000000
  custom:audio-decoder-ogg-vorbis: bf7c407c2cedff20999df2af8eb42d56 -> 
  custom:audio-encoder-webm-vorbis: bf7c407c2cedff20999df2af8eb42d56 -> 
